2025-09-08 14:48:29.132246 - initiating W3...
2025-09-08 14:48:29.153280 - uniswap fully initiated
2025-09-08 14:48:29.154279 - check_balance...
2025-09-08 14:48:29.156280 - eth_balance...
2025-09-08 14:48:30.004215 - weth_balance...
2025-09-08 14:48:30.684320 - dai_balance...
2025-09-08 14:48:31.337087 - wbtc_balance...
2025-09-08 14:48:31.995687 - wsol_balance...
2025-09-08 14:48:32.659004 - usdc_balance...
2025-09-08 14:48:33.302037 - usdt_balance...
2025-09-08 15:05:11.808929 - initiating W3...
2025-09-08 15:05:11.827055 - uniswap fully initiated
2025-09-08 15:05:11.829018 - check_balance...
2025-09-08 15:05:11.829018 - eth_balance...
2025-09-08 15:05:12.815665 - weth_balance...
2025-09-08 15:05:13.462058 - dai_balance...
2025-09-08 15:05:14.123359 - wbtc_balance...
2025-09-08 15:05:14.782033 - wsol_balance...
2025-09-08 15:05:15.426622 - usdc_balance...
2025-09-08 15:05:16.082323 - usdt_balance...
2025-09-08 15:06:25.527203 - initiating W3...
2025-09-08 15:06:25.545223 - uniswap fully initiated
2025-09-08 15:06:25.546219 - check_balance...
2025-09-08 15:06:25.547220 - eth_balance...
2025-09-08 15:06:26.614219 - weth_balance...
2025-09-08 15:06:27.267033 - dai_balance...
2025-09-08 15:06:27.914182 - wbtc_balance...
2025-09-08 15:06:28.553243 - wsol_balance...
2025-09-08 15:06:29.201234 - usdc_balance...
2025-09-08 15:06:29.842426 - usdt_balance...
2025-09-08 15:06:52.217259 - initiating W3...
2025-09-08 15:06:52.231952 - uniswap fully initiated
2025-09-08 15:06:52.232952 - check_balance...
2025-09-08 15:06:52.233952 - eth_balance...
2025-09-08 15:06:53.104013 - weth_balance...
2025-09-08 15:06:53.770442 - dai_balance...
2025-09-08 15:06:54.584357 - wbtc_balance...
2025-09-08 15:06:55.242874 - wsol_balance...
2025-09-08 15:06:55.880510 - usdc_balance...
2025-09-08 15:06:56.516160 - usdt_balance...
2025-09-08 15:08:08.080070 - initiating W3...
2025-09-08 15:08:08.097501 - uniswap fully initiated
2025-09-08 15:08:08.098442 - check_balance...
2025-09-08 15:08:08.099461 - eth_balance...
2025-09-08 15:08:09.391398 - weth_balance...
2025-09-08 15:08:10.083167 - dai_balance...
2025-09-08 15:08:10.722928 - wbtc_balance...
2025-09-08 15:08:11.368642 - wsol_balance...
2025-09-08 15:08:12.005837 - usdc_balance...
2025-09-08 15:08:12.640769 - usdt_balance...
2025-09-08 15:09:10.178473 - initiating W3...
2025-09-08 15:09:10.194484 - uniswap fully initiated
2025-09-08 15:09:10.195484 - check_balance...
2025-09-08 15:09:10.196485 - eth_balance...
2025-09-08 15:09:11.148022 - weth_balance...
2025-09-08 15:09:11.813022 - dai_balance...
2025-09-08 15:09:12.466240 - wbtc_balance...
2025-09-08 15:09:13.103589 - wsol_balance...
2025-09-08 15:09:13.746371 - usdc_balance...
2025-09-08 15:09:14.403073 - usdt_balance...
2025-09-08 15:10:01.155977 - initiating W3...
2025-09-08 15:10:01.173660 - uniswap fully initiated
2025-09-08 15:10:01.174659 - check_balance...
2025-09-08 15:10:01.175659 - eth_balance...
2025-09-08 15:10:02.013374 - weth_balance...
2025-09-08 15:10:02.667191 - dai_balance...
2025-09-08 15:10:03.315222 - wbtc_balance...
2025-09-08 15:10:03.998642 - wsol_balance...
2025-09-08 15:10:04.642926 - usdc_balance...
2025-09-08 15:10:05.373097 - usdt_balance...
2025-09-08 16:36:38.991997 - initiating W3...
2025-09-08 16:36:39.013088 - uniswap fully initiated
2025-09-08 16:36:39.015099 - check_balance...
2025-09-08 16:36:39.016086 - eth_balance...
2025-09-08 16:36:40.023123 - weth_balance...
2025-09-08 16:36:40.700889 - dai_balance...
2025-09-08 16:36:41.377967 - wbtc_balance...
2025-09-08 16:36:42.014462 - wsol_balance...
2025-09-08 16:36:42.656024 - usdc_balance...
2025-09-08 16:36:43.314564 - usdt_balance...
2025-09-08 16:36:59.097923 - initiating W3...
2025-09-08 16:36:59.115994 - uniswap fully initiated
2025-09-08 16:36:59.123562 - check_balance...
2025-09-08 16:36:59.124573 - eth_balance...
2025-09-08 16:37:00.251063 - weth_balance...
2025-09-08 16:37:00.902204 - dai_balance...
2025-09-08 16:37:01.562000 - wbtc_balance...
2025-09-08 16:37:02.208404 - wsol_balance...
2025-09-08 16:37:03.088043 - usdc_balance...
2025-09-08 16:37:03.729193 - usdt_balance...
2025-09-08 16:42:06.905741 - initiating W3...
2025-09-08 16:42:06.926387 - uniswap fully initiated
2025-09-08 16:42:06.928388 - check_balance...
2025-09-08 16:42:06.929389 - eth_balance...
2025-09-08 16:42:08.279315 - weth_balance...
2025-09-08 16:42:08.923715 - dai_balance...
2025-09-08 16:42:09.584153 - wbtc_balance...
2025-09-08 16:42:10.245793 - wsol_balance...
2025-09-08 16:42:10.907190 - usdc_balance...
2025-09-08 16:42:11.622608 - usdt_balance...
2025-09-08 16:48:34.763920 - initiating W3...
2025-09-08 16:48:34.788141 - uniswap fully initiated
2025-09-08 16:48:34.789619 - check_balance...
2025-09-08 16:48:34.791106 - eth_balance...
2025-09-08 16:48:35.724345 - weth_balance...
2025-09-08 16:48:36.368185 - dai_balance...
2025-09-08 16:48:37.006852 - wbtc_balance...
2025-09-08 16:48:37.647347 - wsol_balance...
2025-09-08 16:48:38.306394 - usdc_balance...
2025-09-08 16:48:39.318679 - usdt_balance...
2025-09-08 16:49:23.198336 - initiating W3...
2025-09-08 16:49:23.215944 - uniswap fully initiated
2025-09-08 16:49:23.216941 - check_balance...
2025-09-08 16:49:23.217944 - eth_balance...
2025-09-08 16:49:24.048152 - weth_balance...
2025-09-08 16:49:24.914233 - dai_balance...
2025-09-08 16:49:25.572635 - wbtc_balance...
2025-09-08 16:49:26.284262 - wsol_balance...
2025-09-08 16:49:26.935790 - usdc_balance...
2025-09-08 16:49:27.575427 - usdt_balance...
2025-09-08 16:51:00.466170 - --------> XXxXX pulses are being blocked.
2025-09-08 16:51:07.601193 - --------> XXxXX pulses are being blocked.
2025-09-08 16:51:11.665694 - --------> XXxXX pulses are being blocked.
2025-09-08 16:51:17.727315 - --------> XXxXX pulses are being blocked.
2025-09-08 16:51:21.812158 - --------> XXxXX pulses are being blocked.
2025-09-08 16:51:25.861334 - --------> XXxXX pulses are being blocked.
2025-09-08 16:51:29.952472 - --------> XXxXX pulses are being blocked.
2025-09-08 16:51:33.997914 - --------> XXxXX pulses are being blocked.
2025-09-08 16:51:38.082260 - --------> XXxXX pulses are being blocked.
2025-09-08 16:51:42.177484 - --------> XXxXX pulses are being blocked.
2025-09-08 16:51:46.244081 - --------> XXxXX pulses are being blocked.
2025-09-08 16:51:50.307383 - --------> XXxXX pulses are being blocked.
2025-09-08 16:51:54.406073 - --------> XXxXX pulses are being blocked.
2025-09-08 16:51:58.478494 - --------> XXxXX pulses are being blocked.
2025-09-08 16:52:02.536495 - --------> XXxXX pulses are being blocked.
2025-09-08 16:52:06.614873 - --------> XXxXX pulses are being blocked.
2025-09-08 16:52:10.674877 - --------> XXxXX pulses are being blocked.
2025-09-08 16:52:14.733574 - --------> XXxXX pulses are being blocked.
2025-09-08 16:52:18.791026 - --------> XXxXX pulses are being blocked.
2025-09-08 16:52:22.850134 - --------> XXxXX pulses are being blocked.
2025-09-08 16:52:26.907619 - --------> XXxXX pulses are being blocked.
2025-09-08 16:52:31.007374 - --------> XXxXX pulses are being blocked.
2025-09-08 16:52:35.103130 - --------> XXxXX pulses are being blocked.
2025-09-08 16:52:39.148154 - --------> XXxXX pulses are being blocked.
2025-09-08 16:52:43.219252 - --------> XXxXX pulses are being blocked.
2025-09-08 16:52:47.297546 - --------> XXxXX pulses are being blocked.
2025-09-08 16:52:51.387685 - --------> XXxXX pulses are being blocked.
2025-09-08 16:52:55.555826 - --------> XXxXX pulses are being blocked.
2025-09-08 16:52:59.614228 - --------> XXxXX pulses are being blocked.
2025-09-08 16:53:03.671576 - --------> XXxXX pulses are being blocked.
2025-09-08 16:53:07.738430 - --------> XXxXX pulses are being blocked.
2025-09-08 16:53:11.813041 - --------> XXxXX pulses are being blocked.
2025-09-08 16:53:15.880149 - --------> XXxXX pulses are being blocked.
2025-09-08 16:53:19.942376 - --------> XXxXX pulses are being blocked.
2025-09-08 16:53:23.986041 - --------> XXxXX pulses are being blocked.
2025-09-08 16:53:28.030238 - --------> XXxXX pulses are being blocked.
2025-09-08 16:53:32.108232 - --------> XXxXX pulses are being blocked.
2025-09-08 16:53:36.166648 - --------> XXxXX pulses are being blocked.
2025-09-08 16:53:40.235264 - --------> XXxXX pulses are being blocked.
2025-09-08 16:53:44.322154 - --------> XXxXX pulses are being blocked.
2025-09-08 16:53:48.375767 - --------> XXxXX pulses are being blocked.
2025-09-08 16:53:52.445244 - --------> XXxXX pulses are being blocked.
2025-09-08 16:53:56.519987 - --------> XXxXX pulses are being blocked.
2025-09-08 16:54:00.605019 - --------> XXxXX pulses are being blocked.
2025-09-08 16:54:04.692686 - --------> XXxXX pulses are being blocked.
2025-09-08 16:54:08.753621 - --------> XXxXX pulses are being blocked.
2025-09-08 16:54:12.814272 - --------> XXxXX pulses are being blocked.
2025-09-08 16:54:16.859360 - --------> XXxXX pulses are being blocked.
2025-09-08 16:54:20.917470 - --------> XXxXX pulses are being blocked.
2025-09-08 16:54:24.983013 - --------> XXxXX pulses are being blocked.
2025-09-08 16:54:29.044406 - --------> XXxXX pulses are being blocked.
2025-09-08 16:54:33.123576 - --------> XXxXX pulses are being blocked.
2025-09-08 16:54:37.206111 - --------> XXxXX pulses are being blocked.
2025-09-08 16:54:41.272206 - --------> XXxXX pulses are being blocked.
2025-09-08 16:54:45.353950 - --------> XXxXX pulses are being blocked.
2025-09-08 16:54:49.441096 - --------> XXxXX pulses are being blocked.
2025-09-08 16:54:53.503066 - --------> XXxXX pulses are being blocked.
2025-09-08 16:54:57.583125 - --------> XXxXX pulses are being blocked.
2025-09-08 16:55:01.641410 - --------> XXxXX pulses are being blocked.
2025-09-08 16:55:05.698218 - --------> XXxXX pulses are being blocked.
2025-09-08 16:55:09.888578 - --------> XXxXX pulses are being blocked.
2025-09-08 16:55:13.947977 - --------> XXxXX pulses are being blocked.
2025-09-08 16:55:18.013475 - --------> XXxXX pulses are being blocked.
2025-09-08 16:55:22.060218 - --------> XXxXX pulses are being blocked.
2025-09-08 16:55:26.151080 - --------> XXxXX pulses are being blocked.
2025-09-08 16:55:30.196304 - --------> XXxXX pulses are being blocked.
2025-09-08 16:55:34.281964 - --------> XXxXX pulses are being blocked.
2025-09-08 16:55:38.327412 - --------> XXxXX pulses are being blocked.
2025-09-08 16:55:42.375579 - --------> XXxXX pulses are being blocked.
2025-09-08 16:55:46.433921 - --------> XXxXX pulses are being blocked.
2025-09-08 16:55:50.480106 - --------> XXxXX pulses are being blocked.
2025-09-08 16:55:54.537043 - --------> XXxXX pulses are being blocked.
2025-09-08 16:55:58.600378 - --------> XXxXX pulses are being blocked.
2025-09-08 16:56:02.647140 - --------> XXxXX pulses are being blocked.
2025-09-08 16:56:06.712283 - --------> XXxXX pulses are being blocked.
2025-09-08 16:56:10.769915 - --------> XXxXX pulses are being blocked.
2025-09-08 16:56:14.832650 - --------> XXxXX pulses are being blocked.
2025-09-08 16:56:18.899321 - --------> XXxXX pulses are being blocked.
2025-09-08 16:56:22.947504 - --------> XXxXX pulses are being blocked.
2025-09-08 16:56:27.026011 - --------> XXxXX pulses are being blocked.
2025-09-08 16:56:31.125558 - --------> XXxXX pulses are being blocked.
2025-09-08 16:56:35.188714 - --------> XXxXX pulses are being blocked.
2025-09-08 16:56:39.261320 - --------> XXxXX pulses are being blocked.
2025-09-08 16:56:43.316517 - --------> XXxXX pulses are being blocked.
2025-09-08 16:56:47.413701 - --------> XXxXX pulses are being blocked.
2025-09-08 16:56:51.475262 - --------> XXxXX pulses are being blocked.
2025-09-08 16:56:55.547418 - --------> XXxXX pulses are being blocked.
2025-09-08 16:56:59.630310 - --------> XXxXX pulses are being blocked.
2025-09-08 16:57:03.702323 - --------> XXxXX pulses are being blocked.
2025-09-08 16:57:07.788496 - --------> XXxXX pulses are being blocked.
2025-09-08 16:57:11.832940 - --------> XXxXX pulses are being blocked.
2025-09-08 21:09:15.492758 - initiating W3...
2025-09-08 21:09:15.545659 - uniswap fully initiated
2025-09-08 21:09:15.546656 - check_balance...
2025-09-08 21:09:15.547654 - eth_balance...
2025-09-08 21:09:16.473428 - weth_balance...
2025-09-08 21:09:17.144510 - dai_balance...
2025-09-08 21:09:17.795566 - wbtc_balance...
2025-09-08 21:09:18.451499 - wsol_balance...
2025-09-08 21:09:19.107505 - usdc_balance...
2025-09-08 21:09:19.767886 - usdt_balance...
2025-09-08 21:10:16.199349 - initiating W3...
2025-09-08 21:10:16.214814 - uniswap fully initiated
2025-09-08 21:10:16.217330 - performing V3 Quote
2025-09-08 21:10:17.532523 - quote: 0.39916393346380374
2025-09-08 21:10:17.534521 - performing V3 Quote
2025-09-08 21:10:18.166527 - quote: 0.39916393346380374
2025-09-08 21:10:18.180178 - slipage_to_fee: 0.001236463130192406
2025-09-08 21:10:18.183195 - performing fiat_to_token (usdc -> weth)     fiat_amount: 1730     V3
2025-09-08 21:10:18.184197 - <-> swapping 1730 usdc for 0.3996580959641463 weth -- fee_teir: 500
2025-09-08 21:10:18.187715 - building tx for action: exactInputSingle
2025-09-08 21:10:18.928410 - waiting for https://etherscan.io/tx/0x9eac73d3fe32fc2f65680416afb18abe6690a6f6d627c49a31c13005de333cb6 

2025-09-08 21:10:29.649205 - initiating W3...
2025-09-08 21:10:29.679786 - uniswap fully initiated
2025-09-08 21:10:29.682786 - performing V3 Quote
2025-09-08 21:10:30.941490 - quote: 0.39916410221206416
2025-09-08 21:10:30.946023 - performing V3 Quote
2025-09-08 21:10:31.584642 - quote: 0.39916410221206416
2025-09-08 21:10:31.588656 - slipage_to_fee: 0.0012683431959233317
2025-09-08 21:10:31.591658 - performing fiat_to_token (usdc -> weth)     fiat_amount: 1730.0     V3
2025-09-08 21:10:31.592656 - <-> swapping 1730.0 usdc for 0.39967102223372203 weth -- fee_teir: 500
2025-09-08 21:10:31.596168 - building tx for action: exactInputSingle
2025-09-08 21:10:32.444366 - waiting for https://etherscan.io/tx/0x509f9682d0f682549d3e4cbd1b507ebc8a276d4ac21b73ac162ebc308cc1aa32 

2025-09-08 21:10:49.159501 - ---------------> successful
2025-09-08 21:10:49.160495 - V3: got_weth: 0.39916410221206416
2025-09-08 21:12:06.828179 - initiating W3...
2025-09-08 21:12:06.845695 - uniswap fully initiated
2025-09-08 21:12:06.847202 - check_balance...
2025-09-08 21:12:06.848210 - eth_balance...
2025-09-08 21:12:07.817549 - weth_balance...
2025-09-08 21:12:08.478742 - dai_balance...
2025-09-08 21:12:09.163785 - wbtc_balance...
2025-09-08 21:12:09.833606 - wsol_balance...
2025-09-08 21:12:10.510101 - usdc_balance...
2025-09-08 21:12:11.185361 - usdt_balance...
2025-09-08 21:12:32.647600 - Traceback (most recent call last):
  File "C:\Users\user\Desktop\p312\Lib\site-packages\web3\eth\eth.py", line 508, in wait_for_transaction_receipt
    _timeout.sleep(poll_latency)
  File "C:\Users\user\Desktop\p312\Lib\site-packages\web3\_utils\threads.py", line 101, in sleep
    self.check()
  File "C:\Users\user\Desktop\p312\Lib\site-packages\web3\_utils\threads.py", line 94, in check
    raise self
web3._utils.threads.Timeout: 120 seconds

During handling of the above exception, another exception occurred:

Traceback (most recent call last):
  File "C:\Users\user\Desktop\trade\dashboard\modules\uniswap\v3_class.py", line 1024, in build_and_execute_tx
    receipt = self.w3.eth.wait_for_transaction_receipt(tx_hash)
              ^^^^^^^^^^^^^^^^^^^^^^^^^^^^^^^^^^^^^^^^^^^^^^^^^
  File "C:\Users\user\Desktop\p312\Lib\site-packages\web3\eth\eth.py", line 512, in wait_for_transaction_receipt
    raise TimeExhausted(
web3.exceptions.TimeExhausted: Transaction HexBytes('0x509f9682d0f682549d3e4cbd1b507ebc8a276d4ac21b73ac162ebc308cc1aa32') is not in the chain after 120 seconds

2025-09-08 21:12:40.956801 - initiating W3...
2025-09-08 21:12:40.974467 - uniswap fully initiated
2025-09-08 21:12:40.975466 - check_balance...
2025-09-08 21:12:40.976465 - eth_balance...
2025-09-08 21:12:41.931515 - weth_balance...
2025-09-08 21:12:42.578466 - dai_balance...
2025-09-08 21:12:43.230963 - wbtc_balance...
2025-09-08 21:12:43.880797 - wsol_balance...
2025-09-08 21:12:44.543491 - usdc_balance...
2025-09-08 21:12:45.209773 - usdt_balance...
2025-09-08 21:18:30.920516 - initiating W3...
2025-09-08 21:18:30.940517 - uniswap fully initiated
2025-09-08 21:18:30.942553 - check_balance...
2025-09-08 21:18:30.943516 - eth_balance...
2025-09-08 21:18:31.824410 - weth_balance...
2025-09-08 21:18:32.475108 - dai_balance...
2025-09-08 21:18:33.097433 - wbtc_balance...
2025-09-08 21:18:33.733213 - wsol_balance...
2025-09-08 21:18:34.360120 - usdc_balance...
2025-09-08 21:18:35.393173 - usdt_balance...
